Episode 0 reward: 20.464285714285715  pol_loss: -12.226872062683105 val_loss: 179.36267862319946
Episode 1 reward: 23.337700145560408  pol_loss: -11.3768421292305 val_loss: 244.65979461669923
Episode 2 reward: 28.72043010752688  pol_loss: -19.901049757003783 val_loss: 645.6445770263672
Episode 3 reward: 35.5929203539823  pol_loss: -33.956282186508176 val_loss: 1535.387059020996
Episode 4 reward: 42.91702127659575  pol_loss: -43.54960107803345 val_loss: 2337.9562438964845
Episode 5 reward: 49.5658835546476  pol_loss: -37.12581090927124 val_loss: 1900.4234283447265
Episode 6 reward: 55.602551521099116  pol_loss: -32.16304459571838 val_loss: 1543.7415313720703
Episode 7 reward: 61.80304471931494  pol_loss: -36.55972696940104 val_loss: 1867.5817559136285
Episode 8 reward: 67.69601482854495  pol_loss: -36.379956293106076 val_loss: 1810.3817962646485
Episode 9 reward: 73.50679963735267  pol_loss: -37.750387573242186 val_loss: 1867.9096099853516
Episode 10 reward: 79.06017699115044  pol_loss: -31.490958065456816 val_loss: 1528.2064873589409
Episode 11 reward: 84.29004329004329  pol_loss: -30.99485924243927 val_loss: 1439.0134567260743
Episode 12 reward: 89.35139712108382  pol_loss: -28.652627968788146 val_loss: 1234.3100234985352
Episode 13 reward: 94.1963545981773  pol_loss: -26.689006972312928 val_loss: 1140.16220703125
Episode 14 reward: 98.96666666666667  pol_loss: -26.46996114253998 val_loss: 1156.4605056762696
Episode 15 reward: 103.64245810055866  pol_loss: -24.637694978713988 val_loss: 1054.2460456848144
Episode 16 reward: 108.04460093896714  pol_loss: -20.412306563059488 val_loss: 919.7455037434896
Episode 17 reward: 112.35659509202453  pol_loss: -17.77298994064331 val_loss: 878.7873609754774
Episode 18 reward: 116.60843373493977  pol_loss: -17.65144346025255 val_loss: 863.2253851996528
Episode 19 reward: 120.73427091043672  pol_loss: -16.520731756422254 val_loss: 805.3048007541232
Episode 20 reward: 124.57423580786026  pol_loss: -16.31178410053253 val_loss: 671.6848838806152
Episode 21 reward: 128.42560801144492  pol_loss: -12.712387625376383 val_loss: 703.6896172417535
Episode 22 reward: 132.20366455250175  pol_loss: -13.264354646205902 val_loss: 717.0703239440918
Episode 23 reward: 136.15833333333333  pol_loss: -13.555657460954453 val_loss: 661.8597174750435
Episode 24 reward: 139.73716632443532  pol_loss: -10.971587824821473 val_loss: 628.0441711425781
