Episode 0 reward: 20.464285714285715  pol_loss: -12.331608825922013 val_loss: 79.39985225200653
Episode 1 reward: 25.254716981132077  pol_loss: -7.166354244947433 val_loss: 155.21382369995118
Episode 2 reward: 32.75135869565217  pol_loss: -18.23567646741867 val_loss: 484.2001314163208
Episode 3 reward: 41.79118028534371  pol_loss: -23.942501604557037 val_loss: 373.50964546203613
Episode 4 reward: 50.8953341740227  pol_loss: -7.559476608037949 val_loss: 68.33795750141144
Episode 5 reward: 59.770653514180026  pol_loss: 3.15980309098959 val_loss: 189.22785558700562
Episode 6 reward: 68.44082125603865  pol_loss: -4.004628379146258 val_loss: 243.09832572009827
Episode 7 reward: 76.53356890459364  pol_loss: -0.9047828315860695 val_loss: 29.72750826941596
Episode 8 reward: 84.63856812933025  pol_loss: 3.6551597893238066 val_loss: 223.0110651228163
Episode 9 reward: 91.87923250564334  pol_loss: -3.4604563817381857 val_loss: 61.31274824142456
Episode 10 reward: 99.070796460177  pol_loss: -0.8580666603520513 val_loss: 93.73130106925964
Episode 11 reward: 106.21041214750542  pol_loss: 0.9946336119953129 val_loss: 148.07198617723253
Episode 12 reward: 112.75  pol_loss: 1.5825063914060593 val_loss: 108.15009179115296
Episode 13 reward: 119.01251303441084  pol_loss: -1.3826167311519384 val_loss: 114.54772868156434
Episode 14 reward: 125.47745901639344  pol_loss: 8.12273633480072 val_loss: 250.64445775349935
Episode 15 reward: 131.44108761329306  pol_loss: -5.61784445643425 val_loss: 212.58613862991334
Episode 16 reward: 137.64455445544556  pol_loss: 3.5945576389630634 val_loss: 218.1513673570421
Episode 17 reward: 143.23076923076923  pol_loss: 7.501658800244331 val_loss: 336.73392086029054
Episode 18 reward: 148.57784145176694  pol_loss: -13.971192439397177 val_loss: 288.0991536458333
Episode 19 reward: 153.80206378986867  pol_loss: 2.697888782289293 val_loss: 155.86563017103407
Episode 20 reward: 159.02306273062732  pol_loss: 4.91502417061064 val_loss: 288.13256318834095
Episode 21 reward: 164.03814713896458  pol_loss: 7.576203062799242 val_loss: 352.6642100016276
Episode 22 reward: 168.6550491510277  pol_loss: -7.271226924657822 val_loss: 326.13986377716066
Episode 23 reward: 173.54929577464787  pol_loss: -1.031634645909071 val_loss: 274.0166729397244
Episode 24 reward: 178.17677642980937  pol_loss: 0.8896572607051995 val_loss: 242.94773466322158
Episode 25 reward: 181.9991482112436  pol_loss: -6.89358786046505 val_loss: 250.5897943496704
Episode 26 reward: 186.32577665827037  pol_loss: 0.9488317078600327 val_loss: 246.09204830593532
Episode 27 reward: 190.01735537190083  pol_loss: 5.931908783316612 val_loss: 379.7392921447754
Episode 28 reward: 193.6181965881397  pol_loss: 1.448183944490221 val_loss: 358.40407519870337
Episode 29 reward: 196.93929712460064  pol_loss: -6.509298306041294 val_loss: 155.15582779778376
Episode 30 reward: 200.79055118110236  pol_loss: 0.7798450879131754 val_loss: 175.59938943650988
Episode 31 reward: 204.48407148407148  pol_loss: 5.309023173153401 val_loss: 275.65101661682127
Episode 32 reward: 207.71745788667687  pol_loss: -5.557536679506302 val_loss: 213.82494993209838
Episode 33 reward: 211.22826908541194  pol_loss: -0.04095714611466974 val_loss: 218.56969213485718
Episode 34 reward: 214.4694485842027  pol_loss: 5.307173464033339 val_loss: 303.67464362250433
Episode 35 reward: 217.1496698459281  pol_loss: 0.489687047310872 val_loss: 279.3122495651245
Episode 36 reward: 220.11424439624005  pol_loss: -0.9886123207294278 val_loss: 214.27124650743272
Episode 37 reward: 222.5391737891738  pol_loss: -1.981348591670394 val_loss: 214.18352394104005
Episode 38 reward: 225.60098522167488  pol_loss: -2.787886343896389 val_loss: 113.59488234519958
Episode 39 reward: 228.55246699096594  pol_loss: 1.7550357297890715 val_loss: 164.3116091410319
Episode 40 reward: 230.9568493150685  pol_loss: 7.2452082766426935 val_loss: 331.6325861612956
Episode 41 reward: 230.8148395721925  pol_loss: 12.410827016830444 val_loss: 494.59184341430665
Episode 42 reward: 229.48246753246752  pol_loss: 5.499452777206898 val_loss: 576.3924558639526
Episode 43 reward: 231.18913738019168  pol_loss: -10.36803969277276 val_loss: 404.00108489990237
Episode 44 reward: 233.53345959595958  pol_loss: -10.442115318775176 val_loss: 227.55379095077515
Episode 45 reward: 236.1816479400749  pol_loss: 4.757432057460149 val_loss: 390.03402557373045
Episode 46 reward: 237.7779827798278  pol_loss: 2.5065463446080685 val_loss: 314.4747772216797
Episode 47 reward: 239.7577413479053  pol_loss: -4.4989853195018235 val_loss: 206.69046630859376
Episode 48 reward: 242.26066066066065  pol_loss: 2.8449686537186305 val_loss: 339.193290286594
Episode 49 reward: 244.22848664688428  pol_loss: 2.8191599316895006 val_loss: 415.534001159668
Episode 50 reward: 246.41397533763947  pol_loss: -0.7720427973603364 val_loss: 357.26516819000244
Episode 51 reward: 248.62311265969802  pol_loss: -6.5303883102205065 val_loss: 284.8153620402018
Episode 52 reward: 250.84013801035078  pol_loss: -3.6089703254401684 val_loss: 288.9385802268982
Episode 53 reward: 253.2277904328018  pol_loss: 2.18825885951519 val_loss: 408.104515753852
Episode 54 reward: 255.3276931754089  pol_loss: 0.43279562146635725 val_loss: 325.6837995529175
Episode 55 reward: 257.5519553072626  pol_loss: 2.392034679609868 val_loss: 305.84376627604166
Episode 56 reward: 259.47732300884957  pol_loss: -2.4768142394721506 val_loss: 324.4494108200073
Episode 57 reward: 261.16575492341354  pol_loss: -3.347031760215759 val_loss: 174.64948912726507
Episode 58 reward: 263.1240520043337  pol_loss: 0.3846258980946408 val_loss: 195.0996092054579
Episode 59 reward: 265.0456008583691  pol_loss: 8.92811520629459 val_loss: 383.750087483724
Episode 60 reward: 264.7717448603058  pol_loss: 6.916547096437878 val_loss: 584.6838601006402
Episode 61 reward: 265.93854166666665  pol_loss: -2.6927995326204432 val_loss: 436.3775456746419
Episode 62 reward: 267.9927723283428  pol_loss: -4.830453940232595 val_loss: 422.0376781887478
Episode 63 reward: 269.84186284544523  pol_loss: 0.3613777450285852 val_loss: 487.5406129837036
Episode 64 reward: 271.3796249366447  pol_loss: -0.6788168178929481 val_loss: 407.29306774139405
Episode 65 reward: 272.96885986941237  pol_loss: -0.3458429003600031 val_loss: 385.5803876876831
